<?xml version="1.0" encoding="UTF-8"?>
<!-- Generated by org.testng.reporters.JUnitXMLReporter -->
<testsuite hostname="DESKTOP-H45VDFL" ignored="1" name="Sanity" tests="2" failures="0" timestamp="2022-05-09T00:57:21 BST" time="15.639" errors="0">
  <testcase name="aChileanComingToTheUKForWorkAndPlansOnStayingForLongerThanSixMonths" time="2.982" classname="gov.uk.check.visa.testng.TestNGGrouping"/>
  <testcase name="anAustralianCominToUKForTourism" time="2.155" classname="gov.uk.check.visa.testng.TestNGGrouping"/>
  <testcase name="aColumbianNationalComingToTheUKToJoinAPartnerForALongStayTheyDoHaveAnArticle10Or20Card" time="0.0" classname="gov.uk.check.visa.testng.TestNGGrouping">
    <ignored/>
  </testcase> <!-- aColumbianNationalComingToTheUKToJoinAPartnerForALongStayTheyDoHaveAnArticle10Or20Card -->
</testsuite> <!-- Sanity -->
